<?xml version="1.0" encoding="UTF-8"?>
<testsuite xmlns:xsi="http://www.w3.org/2001/XMLSchema-instance" xsi:noNamespaceSchemaLocation="https://maven.apache.org/surefire/maven-surefire-plugin/xsd/surefire-test-report.xsd" name="DesignPatternsTest" time="0.238" tests="2" errors="0" skipped="0" failures="0">
  <properties>
[...]
</properties>
  <testcase name="deveGerarAsNotasFiscaisPorRegimeDeCompetencia" classname="DesignPatternsTest" time="0.204"/>
  <testcase name="deveGerarAsNotasFiscaisPorRegimeDeCaixa" classname="DesignPatternsTest" time="0.022"/>
</testsuite>